<?xml version="1.0" encoding="UTF-8" ?>
<!-- Copyright FUJITSU LIMITED 2017-->
 
<testsuites>
  <testsuite errors="0" failures="3" hostname="estbesdev1.lan.est.fujitsu.de" id="0" name="BillingContactAssemblerTest"
    package="org.oscm.accountservice.assembler" tests="5" time="0.367" timestamp="2013-02-18T23:02:55">
  </testsuite>
  <testsuite errors="2" failures="1" hostname="estbesdev1.lan.est.fujitsu.de" id="0" name="BillingContactAssemblerTest"
    package="org.oscm.accountservice.assembler" tests="7" time="0.4" timestamp="2013-02-18T23:02:55">
  </testsuite>
</testsuites>